<?xml version="1.0" encoding="UTF-8"?>
<!-- Generated by org.testng.reporters.JUnitReportReporter -->
<testsuite skipped="0" hostname="LAPTOP-6A33R9HV" name="E2EProject.HomePageTest" tests="1" failures="0" timestamp="2021-08-01T22:02:02 PDT" time="12.009" errors="0">
  <testcase name="validLinks" time="12.009" classname="E2EProject.HomePageTest"/>
  <system-out/>
</testsuite> <!-- E2EProject.HomePageTest -->
