<?xml version="1.0" encoding="UTF-8"?>
<!-- Generated by org.testng.reporters.JUnitReportReporter -->
<testsuite skipped="0" hostname="LAPTOP-6A33R9HV" name="E2EProject.LoginPageTest" tests="3" failures="0" timestamp="2021-08-01T22:02:02 PDT" time="22.711" errors="0">
  <testcase name="loginAction" time="5.640" classname="E2EProject.LoginPageTest"/>
  <system-out/>
  <testcase name="forgotPassword" time="12.136" classname="E2EProject.LoginPageTest"/>
  <system-out/>
  <testcase name="loginAction" time="4.935" classname="E2EProject.LoginPageTest"/>
  <system-out/>
</testsuite> <!-- E2EProject.LoginPageTest -->
