<?xml version="1.0" encoding="UTF-8"?>
<!-- Generated by org.testng.reporters.JUnitReportReporter -->
<testsuite skipped="0" hostname="LAPTOP-6A33R9HV" name="RestAPITest" tests="2" failures="0" timestamp="2021-07-21T14:05:34 PDT" time="0.000" errors="0">
  <testcase name="postjira" time="0.000" classname="RestAPITest"/>
  <system-out/>
  <testcase name="deleteTwitter" time="0.000" classname="RestAPITest"/>
  <system-out/>
</testsuite> <!-- RestAPITest -->
