<?xml version="1.0" encoding="UTF-8"?>
<!-- Generated by org.testng.reporters.JUnitReportReporter -->
<testsuite skipped="0" hostname="LAPTOP-6A33R9HV" name="ExcelDataDrivenTestCase" tests="1" failures="0" timestamp="2021-07-21T14:05:34 PDT" time="1.631" errors="0">
  <testcase name="dataTestcase" time="1.631" classname="ExcelDataDrivenTestCase"/>
  <system-out/>
</testsuite> <!-- ExcelDataDrivenTestCase -->
