<?xml version="1.0" encoding="UTF-8"?>
<!-- Generated by org.testng.reporters.JUnitReportReporter -->
<testsuite skipped="0" hostname="LAPTOP-6A33R9HV" name="AppiumTest" tests="2" failures="0" timestamp="2021-07-21T14:05:33 PDT" time="0.015" errors="0">
  <testcase name="IOSApps" time="0.000" classname="AppiumTest"/>
  <system-out/>
  <testcase name="AppiumTest" time="0.015" classname="AppiumTest"/>
  <system-out/>
</testsuite> <!-- AppiumTest -->
